C51 COMPILER V9.53.0.0   CONFIG                                                            01/29/2019 14:45:09 PAGE 1   


C51 COMPILER V9.53.0.0, COMPILATION OF MODULE CONFIG
OBJECT MODULE PLACED IN config.OBJ
COMPILER INVOKED BY: C:\Program Files (x86)\Keil\C51\BIN\C51.EXE config.c OPTIMIZE(9,SPEED) BROWSE DEBUG OBJECTEXTEND TA
                    -BS(2)

line level    source

   1          /////////////////////////////////////
   2          //  Generated Initialization File  //
   3          /////////////////////////////////////
   4          
   5          //#include "compiler_defs.h"
   6          #include "C8051F330.h"
   7          
   8          // Peripheral specific initialization functions,
   9          // Called from the Init_Device() function
  10          void Timer_Init()
  11          {
  12   1          TCON      = 0x50;
  13   1          TMOD      = 0x22;
  14   1          CKCON     = 0x0C;
  15   1          TL0       = 0x06;
  16   1          TH0       = 0x06;
  17   1          TH1       = 0x93;
  18   1      }
  19          
  20          void UART_Init()
  21          {
  22   1          SCON0     = 0x10;
  23   1      }
  24          
  25          void Port_IO_Init()
  26          {
  27   1          // P0.0  -  Skipped,     Push-Pull,  Digital
  28   1          // P0.1  -  Skipped,     Push-Pull,  Digital
  29   1          // P0.2  -  Skipped,     Open-Drain, Analog
  30   1          // P0.3  -  Skipped,     Open-Drain, Analog
  31   1          // P0.4  -  TX0 (UART0), Open-Drain, Digital
  32   1          // P0.5  -  RX0 (UART0), Open-Drain, Digital
  33   1          // P0.6  -  Skipped,     Open-Drain, Digital
  34   1          // P0.7  -  Skipped,     Open-Drain, Digital
  35   1      
  36   1          // P1.0  -  Skipped,     Open-Drain, Digital
  37   1          // P1.1  -  Skipped,     Open-Drain, Digital
  38   1          // P1.2  -  Skipped,     Push-Pull,  Digital
  39   1          // P1.3  -  Unassigned,  Open-Drain, Digital
  40   1          // P1.4  -  Unassigned,  Open-Drain, Digital
  41   1          // P1.5  -  Unassigned,  Open-Drain, Digital
  42   1          // P1.6  -  Unassigned,  Open-Drain, Analog
  43   1          // P1.7  -  Unassigned,  Open-Drain, Digital
  44   1      
  45   1          P0MDIN    = 0xF3;
  46   1          P1MDIN    = 0xBF;
  47   1          P0MDOUT   = 0x03;
  48   1          P1MDOUT   = 0x04;
  49   1          P0SKIP    = 0xCF;
  50   1          P1SKIP    = 0x07;
  51   1          XBR0      = 0x01;
  52   1          XBR1      = 0x40;
  53   1      }
  54          
C51 COMPILER V9.53.0.0   CONFIG                                                            01/29/2019 14:45:09 PAGE 2   

  55          void Oscillator_Init()
  56          {
  57   1          int i = 0;
  58   1          OSCXCN    = 0x67;
  59   1          for (i = 0; i < 3000; i++);  // Wait 1ms for initialization
  60   1          while ((OSCXCN & 0x80) == 0);
  61   1          CLKSEL    = 0x01;
  62   1          OSCICN    = 0x03;
  63   1      }
  64          
  65          void Interrupts_Init()
  66          {
  67   1          IE        = 0x02;
  68   1      }
  69          
  70          // Initialization function for device,
  71          // Call Init_Device() from your main program
  72          void Init_Device(void)
  73          {
  74   1          Timer_Init();
  75   1          UART_Init();
  76   1          Port_IO_Init();
  77   1          Oscillator_Init();
  78   1          Interrupts_Init();
  79   1      }


MODULE INFORMATION:   STATIC OVERLAYABLE
   CODE SIZE        =     96    ----
   CONSTANT SIZE    =   ----    ----
   XDATA SIZE       =   ----    ----
   PDATA SIZE       =   ----    ----
   DATA SIZE        =   ----    ----
   IDATA SIZE       =   ----    ----
   BIT SIZE         =   ----    ----
END OF MODULE INFORMATION.


C51 COMPILATION COMPLETE.  0 WARNING(S),  0 ERROR(S)
