C51 COMPILER V9.53.0.0   CONFIG                                                            01/23/2019 07:54:47 PAGE 1   


C51 COMPILER V9.53.0.0, COMPILATION OF MODULE CONFIG
OBJECT MODULE PLACED IN config.OBJ
COMPILER INVOKED BY: E:\Keil_µVison_5\C51\BIN\C51.exe config.c BROWSE DEBUG OBJECTEXTEND TABS(2)

line level    source

*** WARNING C500 IN LINE 1 OF config.c: LICENSE ERROR (R207(3): REGISTRY READ ERROR)

   1          /////////////////////////////////////
   2          //  Generated Initialization File  //
   3          /////////////////////////////////////
   4          
   5          //#include "compiler_defs.h"
   6          //#include "C8051F330_defs.h"
   7          #include <C8051F330.h>
   8          
   9          // Peripheral specific initialization functions,
  10          // Called from the Init_Device() function
  11          void Timer_Init()
  12          {
  13   1          TCON      = 0x40;
  14   1          TMOD      = 0x21; //nicht loeschen (warum auch immer)
  15   1          CKCON     = 0x08;
  16   1        //Timer 0
  17   1          TL0       = 0x2F; 
  18   1          TH0       = 0xB0;
  19   1        //Timer 1 fuer die serielle Schnittstelle
  20   1          TH1       = 0x96; //nicht aendern (heikel) reloadwert
  21   1      }
  22          
  23          void UART_Init()
  24          {
  25   1          SCON0     = 0x10; //was heist das eig.? (enable?)
  26   1      }
  27          
  28          void Port_IO_Init()
  29          {
  30   1          // P0.0  -  Unassigned,  Open-Drain, Digital
  31   1          // P0.1  -  Unassigned,  Open-Drain, Digital
  32   1          // P0.2  -  Unassigned,  Open-Drain, Digital
  33   1          // P0.3  -  Unassigned,  Open-Drain, Digital
  34   1          // P0.4  -  TX0 (UART0), Open-Drain, Digital
  35   1          // P0.5  -  RX0 (UART0), Open-Drain, Digital
  36   1          // P0.6  -  Unassigned,  Open-Drain, Digital
  37   1          // P0.7  -  Unassigned,  Open-Drain, Digital
  38   1      
  39   1          // P1.0  -  Unassigned,  Open-Drain, Digital
  40   1          // P1.1  -  Unassigned,  Open-Drain, Digital
  41   1          // P1.2  -  Unassigned,  Open-Drain, Digital
  42   1          // P1.3  -  Skipped,     Open-Drain, Digital
  43   1          // P1.4  -  Unassigned,  Open-Drain, Digital
  44   1          // P1.5  -  Unassigned,  Open-Drain, Digital
  45   1          // P1.6  -  Skipped,     Open-Drain, Analog
  46   1          // P1.7  -  Unassigned,  Open-Drain, Digital
  47   1      
  48   1          P1MDIN    = 0xBF;
  49   1          P1SKIP    = 0x48;
  50   1          XBR0      = 0x01; //X fuer Crossbar
  51   1          XBR1      = 0x40;
  52   1      }
  53          
  54          void Oscillator_Init()
C51 COMPILER V9.53.0.0   CONFIG                                                            01/23/2019 07:54:47 PAGE 2   

  55          {
  56   1          OSCICN    = 0x83; //ca. 24.5MHz
  57   1      }
  58          
  59          void Interrupts_Init()
  60          {
  61   1          IE        = 0x02; //Interupts aktiviert
  62   1      }
  63          
  64          // Initialization function for device,
  65          // Call Init_Device() from your main program
  66          void Init_Device(void)
  67          {
  68   1          Timer_Init();
  69   1          UART_Init();
  70   1          Port_IO_Init();
  71   1          Oscillator_Init();
  72   1          Interrupts_Init();
  73   1      }


MODULE INFORMATION:   STATIC OVERLAYABLE
   CODE SIZE        =     59    ----
   CONSTANT SIZE    =   ----    ----
   XDATA SIZE       =   ----    ----
   PDATA SIZE       =   ----    ----
   DATA SIZE        =   ----    ----
   IDATA SIZE       =   ----    ----
   BIT SIZE         =   ----    ----
END OF MODULE INFORMATION.


C51 COMPILATION COMPLETE.  1 WARNING(S),  0 ERROR(S)
