C51 COMPILER V9.53.0.0   F330_MAIN                                                         01/25/2019 09:15:18 PAGE 1   


C51 COMPILER V9.53.0.0, COMPILATION OF MODULE F330_MAIN
OBJECT MODULE PLACED IN F330_main.OBJ
COMPILER INVOKED BY: C:\Program Files (x86)\Keil\C51\BIN\C51.EXE F330_main.c BROWSE DEBUG OBJECTEXTEND TABS(2)

line level    source

   1          //-----------------------------------------------------------------------------
   2          // template.c
   3          //-----------------------------------------------------------------------------
   4          // HTBLA Steyr  -  Elektronik und Technische Informatik
   5          // 
   6          // Author:   Felix Hutsteiner
   7          // Version:  1.0
   8          // 
   9          // Changes:  
  10          //          5.2.2014  created     
  11          //
  12          //
  13          // Target:         C8051F330 Silabs
  14          // Tool chain:     Keil µVision 4 
  15          //
  16          // Program Description:
  17          //
  18          //      This program is a template for c51 main modules
  19          //
  20          
  21          //Timerberechnung
  22            //Oszillatorfrequenz = 24,5MHz
  23            //24,5MHz / 12 = 2,04MHz
  24            //2,04MHz ^= 490ns
  25            //Zählschritte = 10ms / 490ns = 20416,66
  26            //Reloadwert = 65536 - 20416,66 = 45119,33 ^= 0xB03F
  27          
  28          
  29          //-----------------------------------------------------------------------------
  30          // Includes
  31          //-----------------------------------------------------------------------------
  32          #include <stdio.h>
  33          #include <C8051F330.h>      // SFR declaration
  34          
  35          //-----------------------------------------------------------------------------
  36          // Global Constants
  37          //-----------------------------------------------------------------------------
  38          
  39          
  40          //-----------------------------------------------------------------------------
  41          // Global Variables
  42          //-----------------------------------------------------------------------------
  43          
  44          //-----------------------------------------------------------------------------
  45          // Function Prototypes
  46          //-----------------------------------------------------------------------------
  47          
  48          //extern void testfunction (void);
  49          extern void Init_Device();
  50          extern void serielle_Eingabe (void);
  51          extern void string_Print(char  mystring[]);
  52          extern void writeInt(int out);
  53          extern void printMainMenu();
  54          //-----------------------------------------------------------------------------
  55          // main() Routine
C51 COMPILER V9.53.0.0   F330_MAIN                                                         01/25/2019 09:15:18 PAGE 2   

  56          //-----------------------------------------------------------------------------
  57          
  58          void main (void) {
  59   1      
  60   1        PCA0MD &= 0xbf;         // Watchdogtimer abschalten
  61   1        Init_Device();
  62   1      
  63   1        EA=1;                   //alle interrupts aktivieren
  64   1        ET0=1;                  //enable Timer 0
  65   1        ES0=1;      
  66   1        TR0=1;                  //TimerRunflag setzen um den Timer zu starten
  67   1        TI0=1;                  //Timer Interrupt aktivieren
  68   1        
  69   1        printMainMenu();
  70   1        
  71   1        while (1) {
  72   2          // main loop code
  73   2          // wie im ASM das JMP $
  74   2        }
  75   1      }
  76          
  77          
  78          //-----------------------------------------------------------------------------
  79          // End Of File
  80          //-----------------------------------------------------------------------------


MODULE INFORMATION:   STATIC OVERLAYABLE
   CODE SIZE        =     21    ----
   CONSTANT SIZE    =   ----    ----
   XDATA SIZE       =   ----    ----
   PDATA SIZE       =   ----    ----
   DATA SIZE        =   ----    ----
   IDATA SIZE       =   ----    ----
   BIT SIZE         =   ----    ----
END OF MODULE INFORMATION.


C51 COMPILATION COMPLETE.  0 WARNING(S),  0 ERROR(S)
